c:\users\student2\desktop\new\hacslike\hacslike\x64\debug\vc143.pdb
c:\users\student2\desktop\new\hacslike\hacslike\x64\debug\vc143.idb
c:\users\student2\desktop\new\hacslike\hacslike\x64\debug\timemanager.obj
c:\users\student2\desktop\new\hacslike\hacslike\x64\debug\inputmanager.obj
c:\users\student2\desktop\new\hacslike\hacslike\x64\debug\fademanager.obj
c:\users\student2\desktop\new\hacslike\hacslike\x64\debug\collisionmanager.obj
c:\users\student2\desktop\new\hacslike\hacslike\x64\debug\audiomanager.obj
c:\users\student2\desktop\new\hacslike\hacslike\x64\debug\weapon.obj
c:\users\student2\desktop\new\hacslike\hacslike\x64\debug\gameobject.obj
c:\users\student2\desktop\new\hacslike\hacslike\x64\debug\character.obj
c:\users\student2\desktop\new\hacslike\hacslike\x64\debug\camera.obj
c:\users\student2\desktop\new\hacslike\hacslike\x64\debug\audio.obj
c:\users\student2\desktop\new\hacslike\hacslike\x64\debug\collider.obj
c:\users\student2\desktop\new\hacslike\hacslike\x64\debug\animator.obj
c:\users\student2\desktop\new\hacslike\hacslike\x64\debug\main.obj
c:\users\student2\desktop\new\hacslike\hacslike\x64\debug\effectmanager.obj
c:\users\student2\desktop\new\hacslike\hacslike\x64\debug\stagegenerator.obj
c:\users\student2\desktop\new\hacslike\hacslike\x64\debug\stagecell.obj
c:\users\student2\desktop\new\hacslike\hacslike\x64\debug\slash.obj
c:\users\student2\desktop\new\hacslike\hacslike\x64\debug\goblin.obj
c:\users\student2\desktop\new\hacslike\hacslike\x64\debug\enemy.obj
c:\users\student2\desktop\new\hacslike\hacslike\x64\debug\spherehitbox.obj
c:\users\student2\desktop\new\hacslike\hacslike\x64\debug\capsulehitbox.obj
c:\users\student2\desktop\new\hacslike\hacslike\x64\debug\sekinoscene.obj
c:\users\student2\desktop\new\hacslike\hacslike\x64\debug\stagemanager.obj
c:\users\student2\desktop\new\hacslike\hacslike\x64\debug\scenemanager.obj
c:\users\student2\desktop\new\hacslike\hacslike\x64\debug\player.obj
c:\users\student2\desktop\new\hacslike\hacslike\x64\debug\goblin.obj.enc
c:\users\student2\desktop\new\hacslike\hacslike\x64\debug\main.obj.enc
c:\users\student2\desktop\new\hacslike\hacslike\x64\debug\hacslike.pdb
c:\users\student2\desktop\new\hacslike\hacslike\x64\debug\hacslike.tlog\cl.command.1.tlog
c:\users\student2\desktop\new\hacslike\hacslike\x64\debug\hacslike.tlog\cl.read.1.tlog
c:\users\student2\desktop\new\hacslike\hacslike\x64\debug\hacslike.tlog\cl.write.1.tlog
c:\users\student2\desktop\new\hacslike\hacslike\x64\debug\hacslike.tlog\link-cvtres.read.1.tlog
c:\users\student2\desktop\new\hacslike\hacslike\x64\debug\hacslike.tlog\link-cvtres.write.1.tlog
c:\users\student2\desktop\new\hacslike\hacslike\x64\debug\hacslike.tlog\link-rc.read.1.tlog
c:\users\student2\desktop\new\hacslike\hacslike\x64\debug\hacslike.tlog\link-rc.write.1.tlog
c:\users\student2\desktop\new\hacslike\hacslike\x64\debug\hacslike.tlog\link.command.1.tlog
c:\users\student2\desktop\new\hacslike\hacslike\x64\debug\hacslike.tlog\link.read.1.tlog
c:\users\student2\desktop\new\hacslike\hacslike\x64\debug\hacslike.tlog\link.read.2.tlog
c:\users\student2\desktop\new\hacslike\hacslike\x64\debug\hacslike.tlog\link.write.1.tlog
