  Animator.cpp
C:\Users\student1\Desktop\課題制作Ⅲ\Hacslike\Hacslike\Scr\Component\Animator.h(1,10): fatal  error C1083: include ファイルを開けません。'DxLib.h':No such file or directory
  CapsuleHitBox.cpp
C:\Users\student1\Desktop\課題制作Ⅲ\Hacslike\Hacslike\Scr\Component\Collider\Collider.h(2,10): fatal  error C1083: include ファイルを開けません。'DxLib.h':No such file or directory
  Collider.cpp
C:\Users\student1\Desktop\課題制作Ⅲ\Hacslike\Hacslike\Scr\Component\Collider\Collider.h(2,10): fatal  error C1083: include ファイルを開けません。'DxLib.h':No such file or directory
  SphereHitBox.cpp
C:\Users\student1\Desktop\課題制作Ⅲ\Hacslike\Hacslike\Scr\Component\Collider\Collider.h(2,10): fatal  error C1083: include ファイルを開けません。'DxLib.h':No such file or directory
  Audio.cpp
C:\Users\student1\Desktop\課題制作Ⅲ\Hacslike\Hacslike\Scr\Definition.h(5,10): fatal  error C1083: include ファイルを開けません。'DxLib.h':No such file or directory
  Camera.cpp
C:\Users\student1\Desktop\課題制作Ⅲ\Hacslike\Hacslike\Scr\Definition.h(5,10): fatal  error C1083: include ファイルを開けません。'DxLib.h':No such file or directory
  Character.cpp
C:\Users\student1\Desktop\課題制作Ⅲ\Hacslike\Hacslike\Scr\Definition.h(5,10): fatal  error C1083: include ファイルを開けません。'DxLib.h':No such file or directory
  Enemy.cpp
C:\Users\student1\Desktop\課題制作Ⅲ\Hacslike\Hacslike\Scr\Definition.h(5,10): fatal  error C1083: include ファイルを開けません。'DxLib.h':No such file or directory
  Goblin.cpp
C:\Users\student1\Desktop\課題制作Ⅲ\Hacslike\Hacslike\Scr\Definition.h(5,10): fatal  error C1083: include ファイルを開けません。'DxLib.h':No such file or directory
  Player.cpp
C:\Users\student1\Desktop\課題制作Ⅲ\Hacslike\Hacslike\Scr\Definition.h(5,10): fatal  error C1083: include ファイルを開けません。'DxLib.h':No such file or directory
  GameObject.cpp
C:\Users\student1\Desktop\課題制作Ⅲ\Hacslike\Hacslike\Scr\Definition.h(5,10): fatal  error C1083: include ファイルを開けません。'DxLib.h':No such file or directory
  Slash.cpp
C:\Users\student1\Desktop\課題制作Ⅲ\Hacslike\Hacslike\Scr\Definition.h(5,10): fatal  error C1083: include ファイルを開けません。'DxLib.h':No such file or directory
  StageCell.cpp
C:\Users\student1\Desktop\課題制作Ⅲ\Hacslike\Hacslike\Scr\Definition.h(5,10): fatal  error C1083: include ファイルを開けません。'DxLib.h':No such file or directory
  StageGenerator.cpp
C:\Users\student1\Desktop\課題制作Ⅲ\Hacslike\Hacslike\Scr\Definition.h(5,10): fatal  error C1083: include ファイルを開けません。'DxLib.h':No such file or directory
  Weapon.cpp
C:\Users\student1\Desktop\課題制作Ⅲ\Hacslike\Hacslike\Scr\Definition.h(5,10): fatal  error C1083: include ファイルを開けません。'DxLib.h':No such file or directory
  main.cpp
C:\Users\student1\Desktop\課題制作Ⅲ\Hacslike\Hacslike\Scr\main.cpp(2,10): fatal  error C1083: include ファイルを開けません。'Dxlib.h':No such file or directory
  AudioManager.cpp
C:\Users\student1\Desktop\課題制作Ⅲ\Hacslike\Hacslike\Scr\Manager\AudioManager.h(5,10): fatal  error C1083: include ファイルを開けません。'DxLib.h':No such file or directory
  CollisionManager.cpp
C:\Users\student1\Desktop\課題制作Ⅲ\Hacslike\Hacslike\Scr\Component\Collider\Collider.h(2,10): fatal  error C1083: include ファイルを開けません。'DxLib.h':No such file or directory
  EffectManager.cpp
C:\Users\student1\Desktop\課題制作Ⅲ\Hacslike\Hacslike\Scr\Manager\EffectManager.h(5,10): fatal  error C1083: include ファイルを開けません。'DxLib.h':No such file or directory
  FadeManager.cpp
C:\Users\student1\Desktop\課題制作Ⅲ\Hacslike\Hacslike\Scr\Definition.h(5,10): fatal  error C1083: include ファイルを開けません。'DxLib.h':No such file or directory
  コードを生成中...
  コンパイル中...
  InputManager.cpp
C:\Users\student1\Desktop\課題制作Ⅲ\Hacslike\Hacslike\Scr\Manager\InputManager.h(2,10): fatal  error C1083: include ファイルを開けません。'Dxlib.h':No such file or directory
  SceneManager.cpp
C:\Users\student1\Desktop\課題制作Ⅲ\Hacslike\Hacslike\Scr\Definition.h(5,10): fatal  error C1083: include ファイルを開けません。'DxLib.h':No such file or directory
  StageManager.cpp
C:\Users\student1\Desktop\課題制作Ⅲ\Hacslike\Hacslike\Scr\Definition.h(5,10): fatal  error C1083: include ファイルを開けません。'DxLib.h':No such file or directory
  TimeManager.cpp
C:\Users\student1\Desktop\課題制作Ⅲ\Hacslike\Hacslike\Scr\Manager\TimeManager.cpp(2,10): fatal  error C1083: include ファイルを開けません。'DxLib.h':No such file or directory
  SekinoScene.cpp
C:\Users\student1\Desktop\課題制作Ⅲ\Hacslike\Hacslike\Scr\Definition.h(5,10): fatal  error C1083: include ファイルを開けません。'DxLib.h':No such file or directory
  コードを生成中...
